#
# There is insufficient memory for the Java Runtime Environment to continue.
# Native memory allocation (malloc) failed to allocate 32744 bytes for ChunkPool::allocate
# Possible reasons:
#   The system is out of physical RAM or swap space
#   In 32 bit mode, the process size limit was hit
# Possible solutions:
#   Reduce memory load on the system
#   Increase physical memory or swap space
#   Check if swap backing store is full
#   Use 64 bit Java on a 64 bit OS
#   Decrease Java heap size (-Xmx/-Xms)
#   Decrease number of Java threads
#   Decrease Java thread stack sizes (-Xss)
#   Set larger code cache with -XX:ReservedCodeCacheSize=
# This output file may be truncated or incomplete.
#
#  Out of Memory Error (allocation.cpp:273), pid=9256, tid=0x00000000000009d0
#
# JRE version: Java(TM) SE Runtime Environment (8.0_161-b12) (build 1.8.0_161-b12)
# Java VM: Java HotSpot(TM) 64-Bit Server VM (25.161-b12 mixed mode windows-amd64 compressed oops)
# Failed to write core dump. Minidumps are not enabled by default on client versions of Windows
#

---------------  T H R E A D  ---------------

Current thread (0x0000000017a04000):  JavaThread "restartedMain" [_thread_in_vm, id=2512, stack(0x00000000187d0000,0x00000000188d0000)]

Stack: [0x00000000187d0000,0x00000000188d0000]
[error occurred during error reporting (printing stack bounds), id 0xc0000005]

Native frames: (J=compiled Java code, j=interpreted, Vv=VM code, C=native code)

Java frames: (J=compiled Java code, j=interpreted, Vv=VM code)
J 872  java.lang.ClassLoader.defineClass1(Ljava/lang/String;[BIILjava/security/ProtectionDomain;Ljava/lang/String;)Ljava/lang/Class; (0 bytes) @ 0x000000000314ab9f [0x000000000314ab00+0x9f]
J 740 C1 java.lang.ClassLoader.defineClass(Ljava/lang/String;[BIILjava/security/ProtectionDomain;)Ljava/lang/Class; (43 bytes) @ 0x000000000310d31c [0x000000000310d220+0xfc]
J 746 C1 java.net.URLClassLoader.defineClass(Ljava/lang/String;Lsun/misc/Resource;)Ljava/lang/Class; (142 bytes) @ 0x000000000311070c [0x000000000310fd40+0x9cc]
J 677 C1 java.net.URLClassLoader$1.run()Ljava/lang/Class; (63 bytes) @ 0x00000000030f6534 [0x00000000030f6480+0xb4]
J 676 C1 java.net.URLClassLoader$1.run()Ljava/lang/Object; (5 bytes) @ 0x00000000030f6154 [0x00000000030f6120+0x34]
v  ~StubRoutines::call_stub
J 557  java.security.AccessController.doPrivileged(Ljava/security/PrivilegedExceptionAction;Ljava/security/AccessControlContext;)Ljava/lang/Object; (0 bytes) @ 0x00000000030b41e6 [0x00000000030b4180+0x66]
J 625 C1 java.net.URLClassLoader.findClass(Ljava/lang/String;)Ljava/lang/Class; (47 bytes) @ 0x00000000030dc934 [0x00000000030dc880+0xb4]
J 3287 C1 java.lang.ClassLoader.loadClass(Ljava/lang/String;Z)Ljava/lang/Class; (122 bytes) @ 0x00000000035b0924 [0x00000000035b0620+0x304]
J 678 C1 sun.misc.Launcher$AppClassLoader.loadClass(Ljava/lang/String;Z)Ljava/lang/Class; (85 bytes) @ 0x00000000030f6e84 [0x00000000030f6ba0+0x2e4]
J 586 C1 java.lang.ClassLoader.loadClass(Ljava/lang/String;)Ljava/lang/Class; (7 bytes) @ 0x00000000030bd864 [0x00000000030bd820+0x44]
v  ~StubRoutines::call_stub
j  org.hibernate.dialect.Dialect.buildIdentifierHelper(Lorg/hibernate/engine/jdbc/env/spi/IdentifierHelperBuilder;Ljava/sql/DatabaseMetaData;)Lorg/hibernate/engine/jdbc/env/spi/IdentifierHelper;+11
j  org.hibernate.engine.jdbc.env.internal.JdbcEnvironmentImpl.<init>(Lorg/hibernate/service/spi/ServiceRegistryImplementor;Lorg/hibernate/dialect/Dialect;Ljava/sql/DatabaseMetaData;)V+160
j  org.hibernate.engine.jdbc.env.internal.JdbcEnvironmentInitiator.initiateService(Ljava/util/Map;Lorg/hibernate/service/spi/ServiceRegistryImplementor;)Lorg/hibernate/engine/jdbc/env/spi/JdbcEnvironment;+235
j  org.hibernate.engine.jdbc.env.internal.JdbcEnvironmentInitiator.initiateService(Ljava/util/Map;Lorg/hibernate/service/spi/ServiceRegistryImplementor;)Lorg/hibernate/service/Service;+3
j  org.hibernate.boot.registry.internal.StandardServiceRegistryImpl.initiateService(Lorg/hibernate/service/spi/ServiceInitiator;)Lorg/hibernate/service/Service;+9
j  org.hibernate.service.internal.AbstractServiceRegistryImpl.createService(Lorg/hibernate/service/spi/ServiceBinding;)Lorg/hibernate/service/Service;+26
j  org.hibernate.service.internal.AbstractServiceRegistryImpl.initializeService(Lorg/hibernate/service/spi/ServiceBinding;)Lorg/hibernate/service/Service;+30
j  org.hibernate.service.internal.AbstractServiceRegistryImpl.getService(Ljava/lang/Class;)Lorg/hibernate/service/Service;+88
j  org.hibernate.engine.jdbc.internal.JdbcServicesImpl.configure(Ljava/util/Map;)V+7
j  org.hibernate.boot.registry.internal.StandardServiceRegistryImpl.configureService(Lorg/hibernate/service/spi/ServiceBinding;)V+23
j  org.hibernate.service.internal.AbstractServiceRegistryImpl.initializeService(Lorg/hibernate/service/spi/ServiceBinding;)Lorg/hibernate/service/Service;+55
j  org.hibernate.service.internal.AbstractServiceRegistryImpl.getService(Ljava/lang/Class;)Lorg/hibernate/service/Service;+88
j  org.hibernate.boot.model.process.spi.MetadataBuildingProcess.handleTypes(Lorg/hibernate/boot/spi/MetadataBuildingOptions;)Lorg/hibernate/type/BasicTypeRegistry;+42
j  org.hibernate.boot.model.process.spi.MetadataBuildingProcess.complete(Lorg/hibernate/boot/model/process/spi/ManagedResources;Lorg/hibernate/boot/spi/MetadataBuildingOptions;)Lorg/hibernate/boot/spi/MetadataImplementor;+1
j  org.hibernate.jpa.boot.internal.EntityManagerFactoryBuilderImpl.metadata()Lorg/hibernate/boot/spi/MetadataImplementor;+21
j  org.hibernate.jpa.boot.internal.EntityManagerFactoryBuilderImpl.build()Ljavax/persistence/EntityManagerFactory;+1
j  org.springframework.orm.jpa.vendor.SpringHibernateJpaPersistenceProvider.createContainerEntityManagerFactory(Ljavax/persistence/spi/PersistenceUnitInfo;Ljava/util/Map;)Ljavax/persistence/EntityManagerFactory;+55
j  org.springframework.orm.jpa.LocalContainerEntityManagerFactoryBean.createNativeEntityManagerFactory()Ljavax/persistence/EntityManagerFactory;+129
j  org.springframework.orm.jpa.AbstractEntityManagerFactoryBean.buildNativeEntityManagerFactory()Ljavax/persistence/EntityManagerFactory;+1
j  org.springframework.orm.jpa.AbstractEntityManagerFactoryBean.afterPropertiesSet()V+192
j  org.springframework.orm.jpa.LocalContainerEntityManagerFactoryBean.afterPropertiesSet()V+77
j  org.springframework.beans.factory.support.AbstractAutowireCapableBeanFactory.invokeInitMethods(Ljava/lang/String;Ljava/lang/Object;Lorg/springframework/beans/factory/support/RootBeanDefinition;)V+106
j  org.springframework.beans.factory.support.AbstractAutowireCapableBeanFactory.initializeBean(Ljava/lang/String;Ljava/lang/Object;Lorg/springframework/beans/factory/support/RootBeanDefinition;)Ljava/lang/Object;+59
j  org.springframework.beans.factory.support.AbstractAutowireCapableBeanFactory.doCreateBean(Ljava/lang/String;Lorg/springframework/beans/factory/support/RootBeanDefinition;[Ljava/lang/Object;)Ljava/lang/Object;+245
j  org.springframework.beans.factory.support.AbstractAutowireCapableBeanFactory.createBean(Ljava/lang/String;Lorg/springframework/beans/factory/support/RootBeanDefinition;[Ljava/lang/Object;)Ljava/lang/Object;+169
j  org.springframework.beans.factory.support.AbstractBeanFactory.lambda$doGetBean$0(Ljava/lang/String;Lorg/springframework/beans/factory/support/RootBeanDefinition;[Ljava/lang/Object;)Ljava/lang/Object;+4
j  org.springframework.beans.factory.support.AbstractBeanFactory$$Lambda$105.getObject()Ljava/lang/Object;+16
j  org.springframework.beans.factory.support.DefaultSingletonBeanRegistry.getSingleton(Ljava/lang/String;Lorg/springframework/beans/factory/ObjectFactory;)Ljava/lang/Object;+132
j  org.springframework.beans.factory.support.AbstractBeanFactory.doGetBean(Ljava/lang/String;Ljava/lang/Class;[Ljava/lang/Object;Z)Ljava/lang/Object;+396
j  org.springframework.beans.factory.support.AbstractBeanFactory.getBean(Ljava/lang/String;)Ljava/lang/Object;+5
j  org.springframework.context.support.AbstractApplicationContext.getBean(Ljava/lang/String;)Ljava/lang/Object;+9
j  org.springframework.context.support.AbstractApplicationContext.finishBeanFactoryInitialization(Lorg/springframework/beans/factory/config/ConfigurableListableBeanFactory;)V+100
j  org.springframework.context.support.AbstractApplicationContext.refresh()V+54
j  org.springframework.boot.web.servlet.context.ServletWebServerApplicationContext.refresh()V+1
j  org.springframework.boot.SpringApplication.refresh(Lorg/springframework/context/ApplicationContext;)V+10
j  org.springframework.boot.SpringApplication.refreshContext(Lorg/springframework/context/ConfigurableApplicationContext;)V+2
j  org.springframework.boot.SpringApplication.run([Ljava/lang/String;)Lorg/springframework/context/ConfigurableApplicationContext;+118
j  org.springframework.boot.SpringApplication.run([Ljava/lang/Class;[Ljava/lang/String;)Lorg/springframework/context/ConfigurableApplicationContext;+9
j  org.springframework.boot.SpringApplication.run(Ljava/lang/Class;[Ljava/lang/String;)Lorg/springframework/context/ConfigurableApplicationContext;+9
j  com.jackson.cursomc.CursomcApplication.main([Ljava/lang/String;)V+3
v  ~StubRoutines::call_stub
j  sun.reflect.NativeMethodAccessorImpl.invoke0(Ljava/lang/reflect/Method;Ljava/lang/Object;[Ljava/lang/Object;)Ljava/lang/Object;+0
j  sun.reflect.NativeMethodAccessorImpl.invoke(Ljava/lang/Object;[Ljava/lang/Object;)Ljava/lang/Object;+100
j  sun.reflect.DelegatingMethodAccessorImpl.invoke(Ljava/lang/Object;[Ljava/lang/Object;)Ljava/lang/Object;+6
j  java.lang.reflect.Method.invoke(Ljava/lang/Object;[Ljava/lang/Object;)Ljava/lang/Object;+56
j  org.springframework.boot.devtools.restart.RestartLauncher.run()V+41
v  ~StubRoutines::call_stub

---------------  P R O C E S S  ---------------

Java Threads: ( => current thread )
  0x0000000019309000 JavaThread "HikariPool-1 connection adder" daemon [_thread_blocked, id=11960, stack(0x000000001b3a0000,0x000000001b4a0000)]
  0x0000000019310000 JavaThread "HikariPool-1 housekeeper" daemon [_thread_blocked, id=5732, stack(0x000000001b0a0000,0x000000001b1a0000)]
  0x0000000019c3a800 JavaThread "container-0" [_thread_blocked, id=7140, stack(0x000000001ada0000,0x000000001aea0000)]
  0x0000000019c37800 JavaThread "ContainerBackgroundProcessor[StandardEngine[Tomcat]]" daemon [_thread_blocked, id=8104, stack(0x000000001aca0000,0x000000001ada0000)]
  0x0000000019a13000 JavaThread "localhost-startStop-1" daemon [_thread_blocked, id=9156, stack(0x000000001aba0000,0x000000001aca0000)]
  0x0000000019a12800 JavaThread "Tomcat-startStop-1" daemon [_thread_blocked, id=5352, stack(0x000000001aaa0000,0x000000001aba0000)]
=>0x0000000017a04000 JavaThread "restartedMain" [_thread_in_vm, id=2512, stack(0x00000000187d0000,0x00000000188d0000)]
  0x00000000179f9800 JavaThread "Thread-1" [_thread_blocked, id=11192, stack(0x00000000186d0000,0x00000000187d0000)]
  0x0000000017813800 JavaThread "RMI TCP Accept-0" daemon [_thread_in_native, id=8364, stack(0x0000000018080000,0x0000000018180000)]
  0x0000000017811000 JavaThread "RMI TCP Accept-51701" daemon [_thread_in_native, id=11936, stack(0x0000000017f80000,0x0000000018080000)]
  0x00000000177e8000 JavaThread "RMI TCP Accept-0" daemon [_thread_in_native, id=7456, stack(0x0000000017e80000,0x0000000017f80000)]
  0x0000000016e78800 JavaThread "Service Thread" daemon [_thread_blocked, id=2460, stack(0x0000000017240000,0x0000000017340000)]
  0x00000000154fa000 JavaThread "C1 CompilerThread2" daemon [_thread_in_native, id=5176, stack(0x0000000016d40000,0x0000000016e40000)]
  0x00000000154eb000 JavaThread "C2 CompilerThread1" daemon [_thread_blocked, id=4380, stack(0x0000000016c40000,0x0000000016d40000)]
  0x00000000154e9000 JavaThread "C2 CompilerThread0" daemon [_thread_blocked, id=8716, stack(0x0000000016b40000,0x0000000016c40000)]
  0x00000000154e5800 JavaThread "Attach Listener" daemon [_thread_blocked, id=560, stack(0x0000000016a40000,0x0000000016b40000)]
  0x00000000154e4800 JavaThread "Signal Dispatcher" daemon [_thread_blocked, id=8244, stack(0x0000000016940000,0x0000000016a40000)]
  0x00000000154cf800 JavaThread "Finalizer" daemon [_thread_blocked, id=10804, stack(0x0000000016730000,0x0000000016830000)]
  0x00000000154a8800 JavaThread "Reference Handler" daemon [_thread_blocked, id=10148, stack(0x0000000016630000,0x0000000016730000)]
  0x0000000002de6000 JavaThread "main" [_thread_blocked, id=7872, stack(0x0000000002ce0000,0x0000000002de0000)]

Other Threads:
  0x00000000154a7000 VMThread [stack: 0x0000000016530000,0x0000000016630000] [id=10744]
  0x0000000017815800 WatcherThread [stack: 0x00000000182d0000,0x00000000183d0000] [id=9300]

VM state:not at safepoint (normal execution)

VM Mutex/Monitor currently owned by a thread: None

Heap:
 PSYoungGen      total 174080K, used 15478K [0x00000000eb200000, 0x00000000f7580000, 0x0000000100000000)
  eden space 162304K, 9% used [0x00000000eb200000,0x00000000ec11d8a0,0x00000000f5080000)
  from space 11776K, 0% used [0x00000000f5080000,0x00000000f5080000,0x00000000f5c00000)
  to   space 10752K, 0% used [0x00000000f5c00000,0x00000000f5c00000,0x00000000f6680000)
 ParOldGen       total 29696K, used 21467K [0x00000000c1600000, 0x00000000c3300000, 0x00000000eb200000)
  object space 29696K, 72% used [0x00000000c1600000,0x00000000c2af6c20,0x00000000c3300000)
 Metaspace       used 35479K, capacity 36954K, committed 37248K, reserved 1081344K
  class space    used 4850K, capacity 5165K, committed 5248K, reserved 1048576K

Card table byte_map: [0x00000000122a0000,0x00000000124a0000] byte_map_base: 0x0000000011c95000

Marking Bits: (ParMarkBitMap*) 0x000000006453f860
 Begin Bits: [0x00000000129f0000, 0x0000000013998000)
 End Bits:   [0x0000000013998000, 0x0000000014940000)

Polling page: 0x00000000013b0000

CodeCache: size=245760Kb used=7132Kb max_used=7132Kb free=238627Kb
 bounds [0x0000000002ee0000, 0x00000000035e0000, 0x0000000011ee0000]
 total_blobs=3824 nmethods=3368 adapters=367
 compilation: enabled

Compilation events (10 events):
Event: 8.146 Thread 0x00000000154fa000 nmethod 3389 0x00000000035d6710 code [0x00000000035d6860, 0x00000000035d6970]
Event: 8.150 Thread 0x00000000154fa000 3395       1       org.h2.value.ValueString::<init> (10 bytes)
Event: 8.150 Thread 0x00000000154fa000 nmethod 3395 0x00000000035d69d0 code [0x00000000035d6b20, 0x00000000035d6c50]
Event: 8.150 Thread 0x00000000154fa000 3396       1       org.h2.value.ValueString::get (50 bytes)
Event: 8.151 Thread 0x00000000154fa000 nmethod 3396 0x00000000035d6cd0 code [0x00000000035d6e40, 0x00000000035d7058]
Event: 8.151 Thread 0x00000000154fa000 3398       1       org.h2.value.ValueString::get (6 bytes)
Event: 8.151 Thread 0x00000000154fa000 nmethod 3398 0x00000000035d71d0 code [0x00000000035d7320, 0x00000000035d7428]
Event: 8.151 Thread 0x00000000154fa000 3397       1       org.h2.value.ValueString::hashCode (8 bytes)
Event: 8.151 Thread 0x00000000154fa000 nmethod 3397 0x00000000035d7490 code [0x00000000035d75e0, 0x00000000035d7728]
Event: 8.151 Thread 0x00000000154fa000 3399   !   1       org.h2.value.Value::convertTo (3366 bytes)

GC Heap History (10 events):
Event: 3.355 GC heap before
{Heap before GC invocations=9 (full 1):
 PSYoungGen      total 71680K, used 63486K [0x00000000eb200000, 0x00000000f3d00000, 0x0000000100000000)
  eden space 63488K, 99% used [0x00000000eb200000,0x00000000eefff868,0x00000000ef000000)
  from space 8192K, 0% used [0x00000000ef000000,0x00000000ef000000,0x00000000ef800000)
  to   space 7680K, 0% used [0x00000000f3580000,0x00000000f3580000,0x00000000f3d00000)
 ParOldGen       total 29696K, used 6904K [0x00000000c1600000, 0x00000000c3300000, 0x00000000eb200000)
  object space 29696K, 23% used [0x00000000c1600000,0x00000000c1cbe050,0x00000000c3300000)
 Metaspace       used 22037K, capacity 22718K, committed 22912K, reserved 1069056K
  class space    used 3009K, capacity 3178K, committed 3200K, reserved 1048576K
Event: 3.363 GC heap after
Heap after GC invocations=9 (full 1):
 PSYoungGen      total 119296K, used 6111K [0x00000000eb200000, 0x00000000f3b80000, 0x0000000100000000)
  eden space 113152K, 0% used [0x00000000eb200000,0x00000000eb200000,0x00000000f2080000)
  from space 6144K, 99% used [0x00000000f3580000,0x00000000f3b77c10,0x00000000f3b80000)
  to   space 8192K, 0% used [0x00000000f2b80000,0x00000000f2b80000,0x00000000f3380000)
 ParOldGen       total 29696K, used 6912K [0x00000000c1600000, 0x00000000c3300000, 0x00000000eb200000)
  object space 29696K, 23% used [0x00000000c1600000,0x00000000c1cc0050,0x00000000c3300000)
 Metaspace       used 22037K, capacity 22718K, committed 22912K, reserved 1069056K
  class space    used 3009K, capacity 3178K, committed 3200K, reserved 1048576K
}
Event: 4.568 GC heap before
{Heap before GC invocations=10 (full 1):
 PSYoungGen      total 119296K, used 119263K [0x00000000eb200000, 0x00000000f3b80000, 0x0000000100000000)
  eden space 113152K, 100% used [0x00000000eb200000,0x00000000f2080000,0x00000000f2080000)
  from space 6144K, 99% used [0x00000000f3580000,0x00000000f3b77c10,0x00000000f3b80000)
  to   space 8192K, 0% used [0x00000000f2b80000,0x00000000f2b80000,0x00000000f3380000)
 ParOldGen       total 29696K, used 6912K [0x00000000c1600000, 0x00000000c3300000, 0x00000000eb200000)
  object space 29696K, 23% used [0x00000000c1600000,0x00000000c1cc0050,0x00000000c3300000)
 Metaspace       used 26321K, capacity 27324K, committed 27520K, reserved 1073152K
  class space    used 3652K, capacity 3896K, committed 3968K, reserved 1048576K
Event: 4.584 GC heap after
Heap after GC invocations=10 (full 1):
 PSYoungGen      total 132608K, used 8182K [0x00000000eb200000, 0x00000000f6680000, 0x0000000100000000)
  eden space 124416K, 0% used [0x00000000eb200000,0x00000000eb200000,0x00000000f2b80000)
  from space 8192K, 99% used [0x00000000f2b80000,0x00000000f337d8a0,0x00000000f3380000)
  to   space 10752K, 0% used [0x00000000f5c00000,0x00000000f5c00000,0x00000000f6680000)
 ParOldGen       total 29696K, used 10586K [0x00000000c1600000, 0x00000000c3300000, 0x00000000eb200000)
  object space 29696K, 35% used [0x00000000c1600000,0x00000000c2056b00,0x00000000c3300000)
 Metaspace       used 26321K, capacity 27324K, committed 27520K, reserved 1073152K
  class space    used 3652K, capacity 3896K, committed 3968K, reserved 1048576K
}
Event: 6.244 GC heap before
{Heap before GC invocations=11 (full 1):
 PSYoungGen      total 132608K, used 132598K [0x00000000eb200000, 0x00000000f6680000, 0x0000000100000000)
  eden space 124416K, 100% used [0x00000000eb200000,0x00000000f2b80000,0x00000000f2b80000)
  from space 8192K, 99% used [0x00000000f2b80000,0x00000000f337d8a0,0x00000000f3380000)
  to   space 10752K, 0% used [0x00000000f5c00000,0x00000000f5c00000,0x00000000f6680000)
 ParOldGen       total 29696K, used 10586K [0x00000000c1600000, 0x00000000c3300000, 0x00000000eb200000)
  object space 29696K, 35% used [0x00000000c1600000,0x00000000c2056b00,0x00000000c3300000)
 Metaspace       used 29454K, capacity 30836K, committed 30976K, reserved 1075200K
  class space    used 4067K, capacity 4344K, committed 4352K, reserved 1048576K
Event: 6.268 GC heap after
Heap after GC invocations=11 (full 1):
 PSYoungGen      total 173056K, used 9880K [0x00000000eb200000, 0x00000000f7580000, 0x0000000100000000)
  eden space 162304K, 0% used [0x00000000eb200000,0x00000000eb200000,0x00000000f5080000)
  from space 10752K, 91% used [0x00000000f5c00000,0x00000000f65a6318,0x00000000f6680000)
  to   space 11776K, 0% used [0x00000000f5080000,0x00000000f5080000,0x00000000f5c00000)
 ParOldGen       total 29696K, used 14861K [0x00000000c1600000, 0x00000000c3300000, 0x00000000eb200000)
  object space 29696K, 50% used [0x00000000c1600000,0x00000000c2483790,0x00000000c3300000)
 Metaspace       used 29454K, capacity 30836K, committed 30976K, reserved 1075200K
  class space    used 4067K, capacity 4344K, committed 4352K, reserved 1048576K
}
Event: 7.513 GC heap before
{Heap before GC invocations=12 (full 1):
 PSYoungGen      total 173056K, used 53343K [0x00000000eb200000, 0x00000000f7580000, 0x0000000100000000)
  eden space 162304K, 26% used [0x00000000eb200000,0x00000000edc71b40,0x00000000f5080000)
  from space 10752K, 91% used [0x00000000f5c00000,0x00000000f65a6318,0x00000000f6680000)
  to   space 11776K, 0% used [0x00000000f5080000,0x00000000f5080000,0x00000000f5c00000)
 ParOldGen       total 29696K, used 14861K [0x00000000c1600000, 0x00000000c3300000, 0x00000000eb200000)
  object space 29696K, 50% used [0x00000000c1600000,0x00000000c2483790,0x00000000c3300000)
 Metaspace       used 33828K, capacity 35180K, committed 35456K, reserved 1079296K
  class space    used 4586K, capacity 4870K, committed 4992K, reserved 1048576K
Event: 7.554 GC heap after
Heap after GC invocations=12 (full 1):
 PSYoungGen      total 174080K, used 4365K [0x00000000eb200000, 0x00000000f7580000, 0x0000000100000000)
  eden space 162304K, 0% used [0x00000000eb200000,0x00000000eb200000,0x00000000f5080000)
  from space 11776K, 37% used [0x00000000f5080000,0x00000000f54c36c8,0x00000000f5c00000)
  to   space 10752K, 0% used [0x00000000f5c00000,0x00000000f5c00000,0x00000000f6680000)
 ParOldGen       total 29696K, used 22081K [0x00000000c1600000, 0x00000000c3300000, 0x00000000eb200000)
  object space 29696K, 74% used [0x00000000c1600000,0x00000000c2b906b8,0x00000000c3300000)
 Metaspace       used 33828K, capacity 35180K, committed 35456K, reserved 1079296K
  class space    used 4586K, capacity 4870K, committed 4992K, reserved 1048576K
}
Event: 7.554 GC heap before
{Heap before GC invocations=13 (full 2):
 PSYoungGen      total 174080K, used 4365K [0x00000000eb200000, 0x00000000f7580000, 0x0000000100000000)
  eden space 162304K, 0% used [0x00000000eb200000,0x00000000eb200000,0x00000000f5080000)
  from space 11776K, 37% used [0x00000000f5080000,0x00000000f54c36c8,0x00000000f5c00000)
  to   space 10752K, 0% used [0x00000000f5c00000,0x00000000f5c00000,0x00000000f6680000)
 ParOldGen       total 29696K, used 22081K [0x00000000c1600000, 0x00000000c3300000, 0x00000000eb200000)
  object space 29696K, 74% used [0x00000000c1600000,0x00000000c2b906b8,0x00000000c3300000)
 Metaspace       used 33828K, capacity 35180K, committed 35456K, reserved 1079296K
  class space    used 4586K, capacity 4870K, committed 4992K, reserved 1048576K
Event: 7.696 GC heap after
Heap after GC invocations=13 (full 2):
 PSYoungGen      total 174080K, used 0K [0x00000000eb200000, 0x00000000f7580000, 0x0000000100000000)
  eden space 162304K, 0% used [0x00000000eb200000,0x00000000eb200000,0x00000000f5080000)
  from space 11776K, 0% used [0x00000000f5080000,0x00000000f5080000,0x00000000f5c00000)
  to   space 10752K, 0% used [0x00000000f5c00000,0x00000000f5c00000,0x00000000f6680000)
 ParOldGen       total 29696K, used 21467K [0x00000000c1600000, 0x00000000c3300000, 0x00000000eb200000)
  object space 29696K, 72% used [0x00000000c1600000,0x00000000c2af6c20,0x00000000c3300000)
 Metaspace       used 33828K, capacity 35180K, committed 35456K, reserved 1079296K
  class space    used 4586K, capacity 4870K, committed 4992K, reserved 1048576K
}

Deoptimization events (0 events):
No events

Classes redefined (0 events):
No events

Internal exceptions (10 events):
Event: 6.706 Thread 0x0000000017a04000 Exception <a 'java/lang/ArrayIndexOutOfBoundsException'> (0x00000000ec559520) thrown at [C:\re\workspace\8-2-build-windows-amd64-cygwin\jdk8u161\10277\hotspot\src\share\vm\runtime\sharedRuntime.cpp, line 605]
Event: 6.706 Thread 0x0000000017a04000 Exception <a 'java/lang/ArrayIndexOutOfBoundsException'> (0x00000000ec55abf8) thrown at [C:\re\workspace\8-2-build-windows-amd64-cygwin\jdk8u161\10277\hotspot\src\share\vm\runtime\sharedRuntime.cpp, line 605]
Event: 6.707 Thread 0x0000000017a04000 Exception <a 'java/lang/ClassNotFoundException': org/springframework/beans/factory/BeanClassLoaderAwareCustomizer> (0x00000000ec571ec0) thrown at [C:\re\workspace\8-2-build-windows-amd64-cygwin\jdk8u161\10277\hotspot\src\share\vm\classfile\systemDictionar
Event: 6.707 Thread 0x0000000017a04000 Exception <a 'java/lang/ClassNotFoundException': org/springframework/beans/factory/BeanFactoryAwareCustomizer> (0x00000000ec585ef8) thrown at [C:\re\workspace\8-2-build-windows-amd64-cygwin\jdk8u161\10277\hotspot\src\share\vm\classfile\systemDictionary.cp
Event: 6.708 Thread 0x0000000017a04000 Exception <a 'java/lang/ClassNotFoundException': org/springframework/beans/factory/BeanNameAwareCustomizer> (0x00000000ec599790) thrown at [C:\re\workspace\8-2-build-windows-amd64-cygwin\jdk8u161\10277\hotspot\src\share\vm\classfile\systemDictionary.cpp, 
Event: 6.708 Thread 0x0000000017a04000 Exception <a 'java/lang/ClassNotFoundException': org/springframework/beans/factory/InitializingBeanCustomizer> (0x00000000ec5ad6e0) thrown at [C:\re\workspace\8-2-build-windows-amd64-cygwin\jdk8u161\10277\hotspot\src\share\vm\classfile\systemDictionary.cp
Event: 6.709 Thread 0x0000000017a04000 Exception <a 'java/lang/ClassNotFoundException': org/springframework/beans/factory/DisposableBeanCustomizer> (0x00000000ec5c0288) thrown at [C:\re\workspace\8-2-build-windows-amd64-cygwin\jdk8u161\10277\hotspot\src\share\vm\classfile\systemDictionary.cpp,
Event: 6.709 Thread 0x0000000017a04000 Exception <a 'java/lang/ClassNotFoundException': org/springframework/orm/jpa/EntityManagerFactoryInfoCustomizer> (0x00000000ec5d41c8) thrown at [C:\re\workspace\8-2-build-windows-amd64-cygwin\jdk8u161\10277\hotspot\src\share\vm\classfile\systemDictionary.
Event: 6.709 Thread 0x0000000017a04000 Exception <a 'java/lang/ArrayIndexOutOfBoundsException'> (0x00000000ec5d7a20) thrown at [C:\re\workspace\8-2-build-windows-amd64-cygwin\jdk8u161\10277\hotspot\src\share\vm\runtime\sharedRuntime.cpp, line 605]
Event: 6.710 Thread 0x0000000017a04000 Exception <a 'java/lang/ClassNotFoundException': org/springframework/dao/support/PersistenceExceptionTranslatorCustomizer> (0x00000000ec5f6a48) thrown at [C:\re\workspace\8-2-build-windows-amd64-cygwin\jdk8u161\10277\hotspot\src\share\vm\classfile\systemD

Events (10 events):
Event: 8.145 loading class org/hibernate/engine/jdbc/env/spi/IdentifierCaseStrategy
Event: 8.145 loading class org/hibernate/engine/jdbc/env/spi/IdentifierCaseStrategy done
Event: 8.147 loading class org/h2/expression/Comparison
Event: 8.147 loading class org/h2/expression/Comparison done
Event: 8.148 loading class org/h2/expression/Condition
Event: 8.148 loading class org/h2/expression/Condition done
Event: 8.148 loading class org/h2/index/IndexCondition
Event: 8.148 loading class org/h2/index/IndexCondition done
Event: 8.154 loading class org/hibernate/engine/jdbc/env/spi/AnsiSqlKeywords
Event: 8.154 loading class org/hibernate/engine/jdbc/env/spi/AnsiSqlKeywords done


Dynamic libraries:
0x00007ff721770000 - 0x00007ff7217a7000 	C:\Program Files\Java\jre1.8.0_161\bin\javaw.exe
0x00007ffe8be70000 - 0x00007ffe8c051000 	C:\WINDOWS\SYSTEM32\ntdll.dll
0x00007ffe89510000 - 0x00007ffe895c2000 	C:\WINDOWS\System32\KERNEL32.DLL
0x00007ffe89080000 - 0x00007ffe892f3000 	C:\WINDOWS\System32\KERNELBASE.dll
0x00007ffe89670000 - 0x00007ffe89711000 	C:\WINDOWS\System32\ADVAPI32.dll
0x00007ffe895d0000 - 0x00007ffe8966e000 	C:\WINDOWS\System32\msvcrt.dll
0x00007ffe8b430000 - 0x00007ffe8b48b000 	C:\WINDOWS\System32\sechost.dll
0x00007ffe8ae90000 - 0x00007ffe8afb4000 	C:\WINDOWS\System32\RPCRT4.dll
0x00007ffe89720000 - 0x00007ffe898b0000 	C:\WINDOWS\System32\USER32.dll
0x00007ffe88660000 - 0x00007ffe88680000 	C:\WINDOWS\System32\win32u.dll
0x00007ffe8bda0000 - 0x00007ffe8bdc8000 	C:\WINDOWS\System32\GDI32.dll
0x00007ffe887d0000 - 0x00007ffe88962000 	C:\WINDOWS\System32\gdi32full.dll
0x00007ffe885c0000 - 0x00007ffe8865f000 	C:\WINDOWS\System32\msvcp_win.dll
0x00007ffe886d0000 - 0x00007ffe887ca000 	C:\WINDOWS\System32\ucrtbase.dll
0x00007ffe79f90000 - 0x00007ffe7a1f9000 	C:\WINDOWS\WinSxS\amd64_microsoft.windows.common-controls_6595b64144ccf1df_6.0.17134.285_none_fb4297e330656775\COMCTL32.dll
0x00007ffe8b510000 - 0x00007ffe8b833000 	C:\WINDOWS\System32\combase.dll
0x00007ffe882a0000 - 0x00007ffe8831a000 	C:\WINDOWS\System32\bcryptPrimitives.dll
0x00007ffe8b090000 - 0x00007ffe8b0bd000 	C:\WINDOWS\System32\IMM32.DLL
0x0000000063bc0000 - 0x0000000063c92000 	C:\Program Files\Java\jre1.8.0_161\bin\msvcr100.dll
0x0000000063d20000 - 0x00000000645bf000 	C:\Program Files\Java\jre1.8.0_161\bin\server\jvm.dll
0x00007ffe89300000 - 0x00007ffe89308000 	C:\WINDOWS\System32\PSAPI.DLL
0x00007ffe7f070000 - 0x00007ffe7f093000 	C:\WINDOWS\SYSTEM32\WINMM.dll
0x00007ffe7d750000 - 0x00007ffe7d759000 	C:\WINDOWS\SYSTEM32\WSOCK32.dll
0x00007ffe83710000 - 0x00007ffe8371a000 	C:\WINDOWS\SYSTEM32\VERSION.dll
0x00007ffe8bdd0000 - 0x00007ffe8be3c000 	C:\WINDOWS\System32\WS2_32.dll
0x00007ffe7f040000 - 0x00007ffe7f06a000 	C:\WINDOWS\SYSTEM32\winmmbase.dll
0x00007ffe88680000 - 0x00007ffe886c9000 	C:\WINDOWS\System32\cfgmgr32.dll
0x0000000064b60000 - 0x0000000064b6f000 	C:\Program Files\Java\jre1.8.0_161\bin\verify.dll
0x0000000064b30000 - 0x0000000064b59000 	C:\Program Files\Java\jre1.8.0_161\bin\java.dll
0x0000000064b10000 - 0x0000000064b26000 	C:\Program Files\Java\jre1.8.0_161\bin\zip.dll
0x00007ffe89a50000 - 0x00007ffe8ae90000 	C:\WINDOWS\System32\SHELL32.dll
0x00007ffe8b8a0000 - 0x00007ffe8b949000 	C:\WINDOWS\System32\shcore.dll
0x00007ffe88970000 - 0x00007ffe8907d000 	C:\WINDOWS\System32\windows.storage.dll
0x00007ffe8b240000 - 0x00007ffe8b291000 	C:\WINDOWS\System32\shlwapi.dll
0x00007ffe88220000 - 0x00007ffe88231000 	C:\WINDOWS\System32\kernel.appcore.dll
0x00007ffe88200000 - 0x00007ffe8821f000 	C:\WINDOWS\System32\profapi.dll
0x00007ffe881b0000 - 0x00007ffe881fc000 	C:\WINDOWS\System32\powrprof.dll
0x00007ffe88180000 - 0x00007ffe8818a000 	C:\WINDOWS\System32\FLTLIB.DLL
0x0000000063ca0000 - 0x0000000063cad000 	C:\Program Files\Java\jre1.8.0_161\bin\management.dll
0x0000000063d00000 - 0x0000000063d1a000 	C:\Program Files\Java\jre1.8.0_161\bin\net.dll
0x00007ffe879a0000 - 0x00007ffe87a06000 	C:\WINDOWS\system32\mswsock.dll
0x0000000063ce0000 - 0x0000000063cf1000 	C:\Program Files\Java\jre1.8.0_161\bin\nio.dll
0x00007ffe7ec20000 - 0x00007ffe7ec36000 	C:\WINDOWS\system32\napinsp.dll
0x00007ffe7ec00000 - 0x00007ffe7ec1a000 	C:\WINDOWS\system32\pnrpnsp.dll
0x00007ffe86070000 - 0x00007ffe86089000 	C:\WINDOWS\system32\NLAapi.dll
0x00007ffe87760000 - 0x00007ffe8781e000 	C:\WINDOWS\SYSTEM32\DNSAPI.dll
0x00007ffe8b420000 - 0x00007ffe8b428000 	C:\WINDOWS\System32\NSI.dll
0x00007ffe87720000 - 0x00007ffe87758000 	C:\WINDOWS\SYSTEM32\IPHLPAPI.DLL
0x00007ffe806d0000 - 0x00007ffe806de000 	C:\WINDOWS\System32\winrnr.dll
0x00007ffe82210000 - 0x00007ffe8221a000 	C:\Windows\System32\rasadhlp.dll
0x00007ffe825e0000 - 0x00007ffe82652000 	C:\WINDOWS\System32\fwpuclnt.dll
0x00007ffe87c80000 - 0x00007ffe87ca5000 	C:\WINDOWS\SYSTEM32\bcrypt.dll
0x00007ffe87b50000 - 0x00007ffe87b67000 	C:\WINDOWS\SYSTEM32\CRYPTSP.dll
0x00007ffe87580000 - 0x00007ffe875b3000 	C:\WINDOWS\system32\rsaenh.dll
0x00007ffe880b0000 - 0x00007ffe880d8000 	C:\WINDOWS\SYSTEM32\USERENV.dll
0x00007ffe87b70000 - 0x00007ffe87b7b000 	C:\WINDOWS\SYSTEM32\CRYPTBASE.dll
0x00007ffe82570000 - 0x00007ffe82586000 	C:\WINDOWS\SYSTEM32\dhcpcsvc6.DLL
0x00007ffe82550000 - 0x00007ffe8256a000 	C:\WINDOWS\SYSTEM32\dhcpcsvc.DLL

VM Arguments:
jvm_args: -Dcom.sun.management.jmxremote -Dcom.sun.management.jmxremote.port=51701 -Dcom.sun.management.jmxremote.authenticate=false -Dcom.sun.management.jmxremote.ssl=false -Djava.rmi.server.hostname=localhost -Dspring.liveBeansView.mbeanDomain -Dspring.application.admin.enabled=true -Xverify:none -XX:TieredStopAtLevel=1 -Dfile.encoding=UTF-8 
java_command: com.jackson.cursomc.CursomcApplication --spring.output.ansi.enabled=always
java_class_path (initial): C:\Program Files\Java\jre1.8.0_161\lib\resources.jar;C:\Program Files\Java\jre1.8.0_161\lib\rt.jar;C:\Program Files\Java\jre1.8.0_161\lib\jsse.jar;C:\Program Files\Java\jre1.8.0_161\lib\jce.jar;C:\Program Files\Java\jre1.8.0_161\lib\charsets.jar;C:\Program Files\Java\jre1.8.0_161\lib\jfr.jar;C:\Program Files\Java\jre1.8.0_161\lib\ext\access-bridge-64.jar;C:\Program Files\Java\jre1.8.0_161\lib\ext\cldrdata.jar;C:\Program Files\Java\jre1.8.0_161\lib\ext\dnsns.jar;C:\Program Files\Java\jre1.8.0_161\lib\ext\jaccess.jar;C:\Program Files\Java\jre1.8.0_161\lib\ext\jfxrt.jar;C:\Program Files\Java\jre1.8.0_161\lib\ext\localedata.jar;C:\Program Files\Java\jre1.8.0_161\lib\ext\nashorn.jar;C:\Program Files\Java\jre1.8.0_161\lib\ext\sunec.jar;C:\Program Files\Java\jre1.8.0_161\lib\ext\sunjce_provider.jar;C:\Program Files\Java\jre1.8.0_161\lib\ext\sunmscapi.jar;C:\Program Files\Java\jre1.8.0_161\lib\ext\sunpkcs11.jar;C:\Program Files\Java\jre1.8.0_161\lib\ext\zipfs.jar;C:\Users\jackson danielson\Documents\workspace\cursomc\target\classes;C:\Users\jackson danielson\.m2\repository\org\springframework\boot\spring-boot-starter-web\2.0.0.RELEASE\spring-boot-starter-web-2.0.0.RELEASE.jar;C:\Users\jackson danielson\.m2\repository\org\springframework\boot\spring-boot-starter\2.0.0.RELEASE\spring-boot-starter-2.0.0.RELEASE.jar;C:\Users\jackson danielson\.m2\repository\org\springframework\boot\spring-boot-starter-logging\2.0.0.RELEASE\spring-boot-starter-logging-2.0.0.RELEASE.jar;C:\Users\jackson danielson\.m2\repository\ch\qos\logback\logback-classic\1.2.3\logback-classic-1.2.3.jar;C:\Users\jackson danielson\.m2\repository\ch\qos\logback\logback-core\1.2.3\logback-core-1.2.3.jar;C:\Users\jackson danielson\.m2\repository\org\apache\logging\log4j\log4j-to-slf4j\2.10.0\log4j-to-slf4j-2.10.0.jar;C:\Users\jackson danielson\.m2\repository\org\apache\logging\log4j\log4j-api\2.10.0\log4j-api-2.10.0.jar;C:\Users\jackson danielson\.m2\repository\org\slf4j\jul-to-slf4j\1
Launcher Type: SUN_STANDARD

Environment Variables:
PATH=C:/Program Files/Java/jre1.8.0_161/bin/server;C:/Program Files/Java/jre1.8.0_161/bin;C:/Program Files/Java/jre1.8.0_161/lib/amd64;C:\ProgramData\Oracle\Java\javapath;C:\Program Files (x86)\Intel\iCLS Client\;C:\Program Files\Intel\iCLS Client\;C:\WINDOWS\system32;C:\WINDOWS;C:\WINDOWS\System32\Wbem;C:\WINDOWS\System32\WindowsPowerShell\v1.0\;C:\Program Files (x86)\Intel\Intel(R) Management Engine Components\DAL;C:\Program Files\Intel\Intel(R) Management Engine Components\DAL;C:\Program Files (x86)\Intel\Intel(R) Management Engine Components\IPT;C:\Program Files\Intel\Intel(R) Management Engine Components\IPT;C:\xampp\mysql\bin;C:\WINDOWS\System32\OpenSSH\;C:\Program Files (x86)\Microsoft VS Code\bin;C:\Program Files\nodejs\;C:\Users\jackson danielson\AppData\Local\Microsoft\WindowsApps;;C:\Program Files (x86)\Microsoft VS Code\bin;C:\Program Files\Heroku\bin;C:\Users\jackson danielson\AppData\Local\Programs\Microsoft VS Code\bin;C:\Users\jackson danielson\AppData\Roaming\npm;A:\curso sprig ionic3\sts-bundle\sts-3.9.2.RELEASE;
USERNAME=jackson danielson
OS=Windows_NT
PROCESSOR_IDENTIFIER=Intel64 Family 6 Model 61 Stepping 4, GenuineIntel



---------------  S Y S T E M  ---------------

OS: Windows 10.0 , 64 bit Build 17134 (10.0.17134.1)

CPU:total 4 (initial active 4) (2 cores per cpu, 2 threads per core) family 6 model 61 stepping 4, cmov, cx8, fxsr, mmx, sse, sse2, sse3, ssse3, sse4.1, sse4.2, popcnt, avx, avx2, aes, clmul, erms, 3dnowpref, lzcnt, ht, tsc, tscinvbit, bmi1, bmi2, adx

Memory: 4k page, physical 4102528k(367656k free), swap 4102528k(648k free)

vm_info: Java HotSpot(TM) 64-Bit Server VM (25.161-b12) for windows-amd64 JRE (1.8.0_161-b12), built on Dec 19 2017 17:52:25 by "java_re" with MS VC++ 10.0 (VS2010)

time: Thu Sep 20 22:34:18 2018
elapsed time: 8 seconds (0d 0h 0m 8s)

