#
# There is insufficient memory for the Java Runtime Environment to continue.
# Native memory allocation (malloc) failed to allocate 32744 bytes for ChunkPool::allocate
# Possible reasons:
#   The system is out of physical RAM or swap space
#   In 32 bit mode, the process size limit was hit
# Possible solutions:
#   Reduce memory load on the system
#   Increase physical memory or swap space
#   Check if swap backing store is full
#   Use 64 bit Java on a 64 bit OS
#   Decrease Java heap size (-Xmx/-Xms)
#   Decrease number of Java threads
#   Decrease Java thread stack sizes (-Xss)
#   Set larger code cache with -XX:ReservedCodeCacheSize=
# This output file may be truncated or incomplete.
#
#  Out of Memory Error (allocation.cpp:273), pid=6764, tid=0x0000000000002150
#
# JRE version: Java(TM) SE Runtime Environment (8.0_161-b12) (build 1.8.0_161-b12)
# Java VM: Java HotSpot(TM) 64-Bit Server VM (25.161-b12 mixed mode windows-amd64 compressed oops)
# Failed to write core dump. Minidumps are not enabled by default on client versions of Windows
#

---------------  T H R E A D  ---------------

Current thread (0x00000000154e1800):  JavaThread "C1 CompilerThread2" daemon [_thread_in_native, id=8528, stack(0x0000000016d30000,0x0000000016e30000)]

Stack: [0x0000000016d30000,0x0000000016e30000]
[error occurred during error reporting (printing stack bounds), id 0xc0000005]

Native frames: (J=compiled Java code, j=interpreted, Vv=VM code, C=native code)


Current CompileTask:
C1:   6094 3370   !   1       org.h2.value.Value::convertTo (3366 bytes)


---------------  P R O C E S S  ---------------

Java Threads: ( => current thread )
  0x0000000019c59000 JavaThread "HikariPool-1 connection adder" daemon [_thread_blocked, id=5880, stack(0x000000001b390000,0x000000001b490000)]
  0x0000000019c58000 JavaThread "HikariPool-1 housekeeper" daemon [_thread_blocked, id=7988, stack(0x000000001b090000,0x000000001b190000)]
  0x0000000019c0f800 JavaThread "container-0" [_thread_blocked, id=5848, stack(0x000000001ad90000,0x000000001ae90000)]
  0x0000000019bfa800 JavaThread "ContainerBackgroundProcessor[StandardEngine[Tomcat]]" daemon [_thread_blocked, id=2016, stack(0x000000001ac90000,0x000000001ad90000)]
  0x0000000019a04800 JavaThread "localhost-startStop-1" daemon [_thread_blocked, id=796, stack(0x000000001ab90000,0x000000001ac90000)]
  0x0000000019a04000 JavaThread "Tomcat-startStop-1" daemon [_thread_blocked, id=4688, stack(0x000000001aa90000,0x000000001ab90000)]
  0x0000000017c0a800 JavaThread "restartedMain" [_thread_in_vm, id=8748, stack(0x00000000187c0000,0x00000000188c0000)]
  0x00000000179d0800 JavaThread "Thread-1" [_thread_blocked, id=764, stack(0x00000000186c0000,0x00000000187c0000)]
  0x00000000177fa800 JavaThread "RMI TCP Accept-0" daemon [_thread_in_native, id=6576, stack(0x0000000018070000,0x0000000018170000)]
  0x00000000177f7800 JavaThread "RMI TCP Accept-50017" daemon [_thread_in_native, id=6256, stack(0x0000000017f70000,0x0000000018070000)]
  0x0000000017799000 JavaThread "RMI TCP Accept-0" daemon [_thread_in_native, id=936, stack(0x0000000017e70000,0x0000000017f70000)]
  0x0000000016e60800 JavaThread "Service Thread" daemon [_thread_blocked, id=5292, stack(0x0000000017230000,0x0000000017330000)]
=>0x00000000154e1800 JavaThread "C1 CompilerThread2" daemon [_thread_in_native, id=8528, stack(0x0000000016d30000,0x0000000016e30000)]
  0x00000000154da800 JavaThread "C2 CompilerThread1" daemon [_thread_blocked, id=5364, stack(0x0000000016c30000,0x0000000016d30000)]
  0x00000000154d8800 JavaThread "C2 CompilerThread0" daemon [_thread_blocked, id=5560, stack(0x0000000016b30000,0x0000000016c30000)]
  0x00000000154d5000 JavaThread "Attach Listener" daemon [_thread_blocked, id=5748, stack(0x0000000016a30000,0x0000000016b30000)]
  0x00000000154d4000 JavaThread "Signal Dispatcher" daemon [_thread_blocked, id=5252, stack(0x0000000016930000,0x0000000016a30000)]
  0x00000000154c0000 JavaThread "Finalizer" daemon [_thread_blocked, id=4168, stack(0x0000000016720000,0x0000000016820000)]
  0x0000000015499000 JavaThread "Reference Handler" daemon [_thread_blocked, id=4652, stack(0x0000000016620000,0x0000000016720000)]
  0x0000000002dd6000 JavaThread "main" [_thread_blocked, id=3972, stack(0x0000000002c20000,0x0000000002d20000)]

Other Threads:
  0x0000000015497800 VMThread [stack: 0x0000000016520000,0x0000000016620000] [id=3968]
  0x00000000177ff000 WatcherThread [stack: 0x00000000182c0000,0x00000000183c0000] [id=612]

VM state:not at safepoint (normal execution)

VM Mutex/Monitor currently owned by a thread: None

Heap:
 PSYoungGen      total 133120K, used 19871K [0x00000000eb200000, 0x00000000f6a80000, 0x0000000100000000)
  eden space 124416K, 15% used [0x00000000eb200000,0x00000000ec567e50,0x00000000f2b80000)
  from space 8704K, 0% used [0x00000000f2b80000,0x00000000f2b80000,0x00000000f3400000)
  to   space 11264K, 0% used [0x00000000f5f80000,0x00000000f5f80000,0x00000000f6a80000)
 ParOldGen       total 28160K, used 21482K [0x00000000c1600000, 0x00000000c3180000, 0x00000000eb200000)
  object space 28160K, 76% used [0x00000000c1600000,0x00000000c2afab58,0x00000000c3180000)
 Metaspace       used 36098K, capacity 37530K, committed 37760K, reserved 1081344K
  class space    used 4908K, capacity 5229K, committed 5248K, reserved 1048576K

Card table byte_map: [0x0000000012290000,0x0000000012490000] byte_map_base: 0x0000000011c85000

Marking Bits: (ParMarkBitMap*) 0x000000005704f860
 Begin Bits: [0x00000000129e0000, 0x0000000013988000)
 End Bits:   [0x0000000013988000, 0x0000000014930000)

Polling page: 0x0000000000ef0000

CodeCache: size=245760Kb used=7161Kb max_used=7161Kb free=238598Kb
 bounds [0x0000000002ed0000, 0x00000000035d0000, 0x0000000011ed0000]
 total_blobs=3841 nmethods=3369 adapters=383
 compilation: enabled

Compilation events (10 events):
Event: 6.005 Thread 0x00000000154e1800 nmethod 3360 0x00000000035cb090 code [0x00000000035cb1e0, 0x00000000035cb2f0]
Event: 6.005 Thread 0x00000000154e1800 3361       1       org.h2.result.LocalResult::getRowId (5 bytes)
Event: 6.005 Thread 0x00000000154e1800 nmethod 3361 0x00000000035cb350 code [0x00000000035cb4a0, 0x00000000035cb5b0]
Event: 6.009 Thread 0x00000000154e1800 3367       1       org.h2.value.ValueString::get (50 bytes)
Event: 6.009 Thread 0x00000000154e1800 nmethod 3367 0x00000000035cb610 code [0x00000000035cb780, 0x00000000035cb998]
Event: 6.009 Thread 0x00000000154e1800 3369       1       org.h2.value.ValueString::get (6 bytes)
Event: 6.009 Thread 0x00000000154e1800 nmethod 3369 0x00000000035cbb10 code [0x00000000035cbc60, 0x00000000035cbd68]
Event: 6.009 Thread 0x00000000154e1800 3368       1       org.h2.value.ValueString::hashCode (8 bytes)
Event: 6.010 Thread 0x00000000154e1800 nmethod 3368 0x00000000035cbdd0 code [0x00000000035cbf20, 0x00000000035cc068]
Event: 6.010 Thread 0x00000000154e1800 3370   !   1       org.h2.value.Value::convertTo (3366 bytes)

GC Heap History (10 events):
Event: 2.931 GC heap before
{Heap before GC invocations=9 (full 1):
 PSYoungGen      total 71680K, used 63477K [0x00000000eb200000, 0x00000000f3d00000, 0x0000000100000000)
  eden space 63488K, 99% used [0x00000000eb200000,0x00000000eeffd7f8,0x00000000ef000000)
  from space 8192K, 0% used [0x00000000ef000000,0x00000000ef000000,0x00000000ef800000)
  to   space 7680K, 0% used [0x00000000f3580000,0x00000000f3580000,0x00000000f3d00000)
 ParOldGen       total 28160K, used 5644K [0x00000000c1600000, 0x00000000c3180000, 0x00000000eb200000)
  object space 28160K, 20% used [0x00000000c1600000,0x00000000c1b83088,0x00000000c3180000)
 Metaspace       used 22048K, capacity 22718K, committed 22912K, reserved 1069056K
  class space    used 3014K, capacity 3178K, committed 3200K, reserved 1048576K
Event: 2.940 GC heap after
Heap after GC invocations=9 (full 1):
 PSYoungGen      total 121344K, used 7120K [0x00000000eb200000, 0x00000000f3c80000, 0x0000000100000000)
  eden space 114176K, 0% used [0x00000000eb200000,0x00000000eb200000,0x00000000f2180000)
  from space 7168K, 99% used [0x00000000f3580000,0x00000000f3c74288,0x00000000f3c80000)
  to   space 8704K, 0% used [0x00000000f2b80000,0x00000000f2b80000,0x00000000f3400000)
 ParOldGen       total 28160K, used 5652K [0x00000000c1600000, 0x00000000c3180000, 0x00000000eb200000)
  object space 28160K, 20% used [0x00000000c1600000,0x00000000c1b85088,0x00000000c3180000)
 Metaspace       used 22048K, capacity 22718K, committed 22912K, reserved 1069056K
  class space    used 3014K, capacity 3178K, committed 3200K, reserved 1048576K
}
Event: 4.017 GC heap before
{Heap before GC invocations=10 (full 1):
 PSYoungGen      total 121344K, used 121296K [0x00000000eb200000, 0x00000000f3c80000, 0x0000000100000000)
  eden space 114176K, 100% used [0x00000000eb200000,0x00000000f2180000,0x00000000f2180000)
  from space 7168K, 99% used [0x00000000f3580000,0x00000000f3c74288,0x00000000f3c80000)
  to   space 8704K, 0% used [0x00000000f2b80000,0x00000000f2b80000,0x00000000f3400000)
 ParOldGen       total 28160K, used 5652K [0x00000000c1600000, 0x00000000c3180000, 0x00000000eb200000)
  object space 28160K, 20% used [0x00000000c1600000,0x00000000c1b85088,0x00000000c3180000)
 Metaspace       used 26327K, capacity 27324K, committed 27520K, reserved 1073152K
  class space    used 3656K, capacity 3896K, committed 3968K, reserved 1048576K
Event: 4.033 GC heap after
Heap after GC invocations=10 (full 1):
 PSYoungGen      total 133120K, used 8693K [0x00000000eb200000, 0x00000000f6a80000, 0x0000000100000000)
  eden space 124416K, 0% used [0x00000000eb200000,0x00000000eb200000,0x00000000f2b80000)
  from space 8704K, 99% used [0x00000000f2b80000,0x00000000f33fd6a0,0x00000000f3400000)
  to   space 11264K, 0% used [0x00000000f5f80000,0x00000000f5f80000,0x00000000f6a80000)
 ParOldGen       total 28160K, used 9513K [0x00000000c1600000, 0x00000000c3180000, 0x00000000eb200000)
  object space 28160K, 33% used [0x00000000c1600000,0x00000000c1f4a4c8,0x00000000c3180000)
 Metaspace       used 26327K, capacity 27324K, committed 27520K, reserved 1073152K
  class space    used 3656K, capacity 3896K, committed 3968K, reserved 1048576K
}
Event: 5.004 GC heap before
{Heap before GC invocations=11 (full 1):
 PSYoungGen      total 133120K, used 133109K [0x00000000eb200000, 0x00000000f6a80000, 0x0000000100000000)
  eden space 124416K, 100% used [0x00000000eb200000,0x00000000f2b80000,0x00000000f2b80000)
  from space 8704K, 99% used [0x00000000f2b80000,0x00000000f33fd6a0,0x00000000f3400000)
  to   space 11264K, 0% used [0x00000000f5f80000,0x00000000f5f80000,0x00000000f6a80000)
 ParOldGen       total 28160K, used 9513K [0x00000000c1600000, 0x00000000c3180000, 0x00000000eb200000)
  object space 28160K, 33% used [0x00000000c1600000,0x00000000c1f4a4c8,0x00000000c3180000)
 Metaspace       used 29434K, capacity 30834K, committed 30976K, reserved 1075200K
  class space    used 4067K, capacity 4343K, committed 4352K, reserved 1048576K
Event: 5.028 GC heap after
Heap after GC invocations=11 (full 1):
 PSYoungGen      total 135680K, used 9784K [0x00000000eb200000, 0x00000000f6a80000, 0x0000000100000000)
  eden space 124416K, 0% used [0x00000000eb200000,0x00000000eb200000,0x00000000f2b80000)
  from space 11264K, 86% used [0x00000000f5f80000,0x00000000f690e310,0x00000000f6a80000)
  to   space 8704K, 0% used [0x00000000f2b80000,0x00000000f2b80000,0x00000000f3400000)
 ParOldGen       total 28160K, used 14551K [0x00000000c1600000, 0x00000000c3180000, 0x00000000eb200000)
  object space 28160K, 51% used [0x00000000c1600000,0x00000000c2435c60,0x00000000c3180000)
 Metaspace       used 29434K, capacity 30834K, committed 30976K, reserved 1075200K
  class space    used 4067K, capacity 4343K, committed 4352K, reserved 1048576K
}
Event: 5.601 GC heap before
{Heap before GC invocations=12 (full 1):
 PSYoungGen      total 135680K, used 54186K [0x00000000eb200000, 0x00000000f6a80000, 0x0000000100000000)
  eden space 124416K, 35% used [0x00000000eb200000,0x00000000edd5c5f0,0x00000000f2b80000)
  from space 11264K, 86% used [0x00000000f5f80000,0x00000000f690e310,0x00000000f6a80000)
  to   space 8704K, 0% used [0x00000000f2b80000,0x00000000f2b80000,0x00000000f3400000)
 ParOldGen       total 28160K, used 14551K [0x00000000c1600000, 0x00000000c3180000, 0x00000000eb200000)
  object space 28160K, 51% used [0x00000000c1600000,0x00000000c2435c60,0x00000000c3180000)
 Metaspace       used 33831K, capacity 35180K, committed 35456K, reserved 1079296K
  class space    used 4585K, capacity 4870K, committed 4992K, reserved 1048576K
Event: 5.619 GC heap after
Heap after GC invocations=12 (full 1):
 PSYoungGen      total 133120K, used 4560K [0x00000000eb200000, 0x00000000f6a80000, 0x0000000100000000)
  eden space 124416K, 0% used [0x00000000eb200000,0x00000000eb200000,0x00000000f2b80000)
  from space 8704K, 52% used [0x00000000f2b80000,0x00000000f2ff42c0,0x00000000f3400000)
  to   space 11264K, 0% used [0x00000000f5f80000,0x00000000f5f80000,0x00000000f6a80000)
 ParOldGen       total 28160K, used 21634K [0x00000000c1600000, 0x00000000c3180000, 0x00000000eb200000)
  object space 28160K, 76% used [0x00000000c1600000,0x00000000c2b20b88,0x00000000c3180000)
 Metaspace       used 33831K, capacity 35180K, committed 35456K, reserved 1079296K
  class space    used 4585K, capacity 4870K, committed 4992K, reserved 1048576K
}
Event: 5.619 GC heap before
{Heap before GC invocations=13 (full 2):
 PSYoungGen      total 133120K, used 4560K [0x00000000eb200000, 0x00000000f6a80000, 0x0000000100000000)
  eden space 124416K, 0% used [0x00000000eb200000,0x00000000eb200000,0x00000000f2b80000)
  from space 8704K, 52% used [0x00000000f2b80000,0x00000000f2ff42c0,0x00000000f3400000)
  to   space 11264K, 0% used [0x00000000f5f80000,0x00000000f5f80000,0x00000000f6a80000)
 ParOldGen       total 28160K, used 21634K [0x00000000c1600000, 0x00000000c3180000, 0x00000000eb200000)
  object space 28160K, 76% used [0x00000000c1600000,0x00000000c2b20b88,0x00000000c3180000)
 Metaspace       used 33831K, capacity 35180K, committed 35456K, reserved 1079296K
  class space    used 4585K, capacity 4870K, committed 4992K, reserved 1048576K
Event: 5.764 GC heap after
Heap after GC invocations=13 (full 2):
 PSYoungGen      total 133120K, used 0K [0x00000000eb200000, 0x00000000f6a80000, 0x0000000100000000)
  eden space 124416K, 0% used [0x00000000eb200000,0x00000000eb200000,0x00000000f2b80000)
  from space 8704K, 0% used [0x00000000f2b80000,0x00000000f2b80000,0x00000000f3400000)
  to   space 11264K, 0% used [0x00000000f5f80000,0x00000000f5f80000,0x00000000f6a80000)
 ParOldGen       total 28160K, used 21482K [0x00000000c1600000, 0x00000000c3180000, 0x00000000eb200000)
  object space 28160K, 76% used [0x00000000c1600000,0x00000000c2afab58,0x00000000c3180000)
 Metaspace       used 33831K, capacity 35180K, committed 35456K, reserved 1079296K
  class space    used 4585K, capacity 4870K, committed 4992K, reserved 1048576K
}

Deoptimization events (0 events):
No events

Classes redefined (0 events):
No events

Internal exceptions (10 events):
Event: 5.337 Thread 0x0000000017c0a800 Exception <a 'java/lang/ArrayIndexOutOfBoundsException'> (0x00000000ec7c2ff8) thrown at [C:\re\workspace\8-2-build-windows-amd64-cygwin\jdk8u161\10277\hotspot\src\share\vm\runtime\sharedRuntime.cpp, line 605]
Event: 5.338 Thread 0x0000000017c0a800 Exception <a 'java/lang/ArrayIndexOutOfBoundsException'> (0x00000000ec7c46d0) thrown at [C:\re\workspace\8-2-build-windows-amd64-cygwin\jdk8u161\10277\hotspot\src\share\vm\runtime\sharedRuntime.cpp, line 605]
Event: 5.338 Thread 0x0000000017c0a800 Exception <a 'java/lang/ClassNotFoundException': org/springframework/beans/factory/BeanClassLoaderAwareCustomizer> (0x00000000ec7db998) thrown at [C:\re\workspace\8-2-build-windows-amd64-cygwin\jdk8u161\10277\hotspot\src\share\vm\classfile\systemDictionar
Event: 5.338 Thread 0x0000000017c0a800 Exception <a 'java/lang/ClassNotFoundException': org/springframework/beans/factory/BeanFactoryAwareCustomizer> (0x00000000ec7ef9d0) thrown at [C:\re\workspace\8-2-build-windows-amd64-cygwin\jdk8u161\10277\hotspot\src\share\vm\classfile\systemDictionary.cp
Event: 5.339 Thread 0x0000000017c0a800 Exception <a 'java/lang/ClassNotFoundException': org/springframework/beans/factory/BeanNameAwareCustomizer> (0x00000000ec803268) thrown at [C:\re\workspace\8-2-build-windows-amd64-cygwin\jdk8u161\10277\hotspot\src\share\vm\classfile\systemDictionary.cpp, 
Event: 5.339 Thread 0x0000000017c0a800 Exception <a 'java/lang/ClassNotFoundException': org/springframework/beans/factory/InitializingBeanCustomizer> (0x00000000ec8171b8) thrown at [C:\re\workspace\8-2-build-windows-amd64-cygwin\jdk8u161\10277\hotspot\src\share\vm\classfile\systemDictionary.cp
Event: 5.340 Thread 0x0000000017c0a800 Exception <a 'java/lang/ClassNotFoundException': org/springframework/beans/factory/DisposableBeanCustomizer> (0x00000000ec829c38) thrown at [C:\re\workspace\8-2-build-windows-amd64-cygwin\jdk8u161\10277\hotspot\src\share\vm\classfile\systemDictionary.cpp,
Event: 5.340 Thread 0x0000000017c0a800 Exception <a 'java/lang/ClassNotFoundException': org/springframework/orm/jpa/EntityManagerFactoryInfoCustomizer> (0x00000000ec83da50) thrown at [C:\re\workspace\8-2-build-windows-amd64-cygwin\jdk8u161\10277\hotspot\src\share\vm\classfile\systemDictionary.
Event: 5.340 Thread 0x0000000017c0a800 Exception <a 'java/lang/ArrayIndexOutOfBoundsException'> (0x00000000ec841168) thrown at [C:\re\workspace\8-2-build-windows-amd64-cygwin\jdk8u161\10277\hotspot\src\share\vm\runtime\sharedRuntime.cpp, line 605]
Event: 5.341 Thread 0x0000000017c0a800 Exception <a 'java/lang/ClassNotFoundException': org/springframework/dao/support/PersistenceExceptionTranslatorCustomizer> (0x00000000ec8602d0) thrown at [C:\re\workspace\8-2-build-windows-amd64-cygwin\jdk8u161\10277\hotspot\src\share\vm\classfile\systemD

Events (10 events):
Event: 6.029 loading class org/hibernate/engine/jdbc/internal/ResultSetWrapperImpl
Event: 6.029 loading class org/hibernate/engine/jdbc/internal/ResultSetWrapperImpl done
Event: 6.030 loading class org/hibernate/boot/model/TypeContributor
Event: 6.030 loading class org/hibernate/boot/model/TypeContributor done
Event: 6.031 loading class org/hibernate/boot/internal/InFlightMetadataCollectorImpl
Event: 6.031 loading class org/hibernate/boot/internal/InFlightMetadataCollectorImpl done
Event: 6.034 loading class org/hibernate/boot/spi/InFlightMetadataCollector
Event: 6.034 loading class org/hibernate/boot/spi/InFlightMetadataCollector done
Event: 6.034 loading class org/hibernate/engine/spi/Mapping
Event: 6.034 loading class org/hibernate/engine/spi/Mapping done


Dynamic libraries:
0x00007ff616160000 - 0x00007ff616197000 	C:\Program Files\Java\jre1.8.0_161\bin\javaw.exe
0x00007ffe0fa70000 - 0x00007ffe0fc51000 	C:\WINDOWS\SYSTEM32\ntdll.dll
0x00007ffe0f8e0000 - 0x00007ffe0f992000 	C:\WINDOWS\System32\KERNEL32.DLL
0x00007ffe0c2a0000 - 0x00007ffe0c513000 	C:\WINDOWS\System32\KERNELBASE.dll
0x00007ffe0cf60000 - 0x00007ffe0d001000 	C:\WINDOWS\System32\ADVAPI32.dll
0x00007ffe0f9a0000 - 0x00007ffe0fa3e000 	C:\WINDOWS\System32\msvcrt.dll
0x00007ffe0f880000 - 0x00007ffe0f8db000 	C:\WINDOWS\System32\sechost.dll
0x00007ffe0f300000 - 0x00007ffe0f424000 	C:\WINDOWS\System32\RPCRT4.dll
0x00007ffe0e690000 - 0x00007ffe0e820000 	C:\WINDOWS\System32\USER32.dll
0x00007ffe0c280000 - 0x00007ffe0c2a0000 	C:\WINDOWS\System32\win32u.dll
0x00007ffe0ef40000 - 0x00007ffe0ef68000 	C:\WINDOWS\System32\GDI32.dll
0x00007ffe0bef0000 - 0x00007ffe0c082000 	C:\WINDOWS\System32\gdi32full.dll
0x00007ffe0ce60000 - 0x00007ffe0ceff000 	C:\WINDOWS\System32\msvcp_win.dll
0x00007ffe0c520000 - 0x00007ffe0c61a000 	C:\WINDOWS\System32\ucrtbase.dll
0x00007ffdfd560000 - 0x00007ffdfd7c9000 	C:\WINDOWS\WinSxS\amd64_microsoft.windows.common-controls_6595b64144ccf1df_6.0.17134.228_none_fb4599993062b194\COMCTL32.dll
0x00007ffe0efd0000 - 0x00007ffe0f2f3000 	C:\WINDOWS\System32\combase.dll
0x00007ffe0cd30000 - 0x00007ffe0cdaa000 	C:\WINDOWS\System32\bcryptPrimitives.dll
0x00007ffe0e660000 - 0x00007ffe0e68d000 	C:\WINDOWS\System32\IMM32.DLL
0x0000000056660000 - 0x0000000056732000 	C:\Program Files\Java\jre1.8.0_161\bin\msvcr100.dll
0x0000000056830000 - 0x00000000570cf000 	C:\Program Files\Java\jre1.8.0_161\bin\server\jvm.dll
0x00007ffe0eeb0000 - 0x00007ffe0eeb8000 	C:\WINDOWS\System32\PSAPI.DLL
0x00007ffe08960000 - 0x00007ffe08983000 	C:\WINDOWS\SYSTEM32\WINMM.dll
0x00007ffe07fc0000 - 0x00007ffe07fc9000 	C:\WINDOWS\SYSTEM32\WSOCK32.dll
0x00007ffe01860000 - 0x00007ffe0186a000 	C:\WINDOWS\SYSTEM32\VERSION.dll
0x00007ffe0eec0000 - 0x00007ffe0ef2c000 	C:\WINDOWS\System32\WS2_32.dll
0x00007ffe08850000 - 0x00007ffe0887a000 	C:\WINDOWS\SYSTEM32\WINMMBASE.dll
0x00007ffe0bea0000 - 0x00007ffe0bee9000 	C:\WINDOWS\System32\cfgmgr32.dll
0x0000000056820000 - 0x000000005682f000 	C:\Program Files\Java\jre1.8.0_161\bin\verify.dll
0x00000000567f0000 - 0x0000000056819000 	C:\Program Files\Java\jre1.8.0_161\bin\java.dll
0x00000000567d0000 - 0x00000000567e6000 	C:\Program Files\Java\jre1.8.0_161\bin\zip.dll
0x00007ffe0d010000 - 0x00007ffe0e450000 	C:\WINDOWS\System32\SHELL32.dll
0x00007ffe0ec80000 - 0x00007ffe0ed29000 	C:\WINDOWS\System32\shcore.dll
0x00007ffe0c620000 - 0x00007ffe0cd2d000 	C:\WINDOWS\System32\windows.storage.dll
0x00007ffe0cf00000 - 0x00007ffe0cf51000 	C:\WINDOWS\System32\shlwapi.dll
0x00007ffe0be10000 - 0x00007ffe0be21000 	C:\WINDOWS\System32\kernel.appcore.dll
0x00007ffe0bda0000 - 0x00007ffe0bdbf000 	C:\WINDOWS\System32\profapi.dll
0x00007ffe0bdc0000 - 0x00007ffe0be0c000 	C:\WINDOWS\System32\powrprof.dll
0x00007ffe0be30000 - 0x00007ffe0be3a000 	C:\WINDOWS\System32\FLTLIB.DLL
0x0000000056750000 - 0x000000005675d000 	C:\Program Files\Java\jre1.8.0_161\bin\management.dll
0x00000000567b0000 - 0x00000000567ca000 	C:\Program Files\Java\jre1.8.0_161\bin\net.dll
0x00007ffe0b5a0000 - 0x00007ffe0b606000 	C:\WINDOWS\system32\mswsock.dll
0x0000000056790000 - 0x00000000567a1000 	C:\Program Files\Java\jre1.8.0_161\bin\nio.dll
0x00007ffdfd960000 - 0x00007ffdfd976000 	C:\WINDOWS\system32\napinsp.dll
0x00007ffdfd940000 - 0x00007ffdfd95a000 	C:\WINDOWS\system32\pnrpnsp.dll
0x00007ffe08b20000 - 0x00007ffe08b39000 	C:\WINDOWS\system32\NLAapi.dll
0x00007ffe0b360000 - 0x00007ffe0b41e000 	C:\WINDOWS\SYSTEM32\DNSAPI.dll
0x00007ffe0eaf0000 - 0x00007ffe0eaf8000 	C:\WINDOWS\System32\NSI.dll
0x00007ffe0b320000 - 0x00007ffe0b358000 	C:\WINDOWS\SYSTEM32\IPHLPAPI.DLL
0x00007ffdfde50000 - 0x00007ffdfde5e000 	C:\WINDOWS\System32\winrnr.dll
0x00007ffe05170000 - 0x00007ffe0517a000 	C:\Windows\System32\rasadhlp.dll
0x00007ffe02090000 - 0x00007ffe02102000 	C:\WINDOWS\System32\fwpuclnt.dll
0x00007ffe0b880000 - 0x00007ffe0b8a5000 	C:\WINDOWS\SYSTEM32\bcrypt.dll
0x00007ffe0b750000 - 0x00007ffe0b767000 	C:\WINDOWS\SYSTEM32\CRYPTSP.dll
0x00007ffe0b180000 - 0x00007ffe0b1b3000 	C:\WINDOWS\system32\rsaenh.dll
0x00007ffe0bcb0000 - 0x00007ffe0bcd8000 	C:\WINDOWS\SYSTEM32\USERENV.dll
0x00007ffe0b770000 - 0x00007ffe0b77b000 	C:\WINDOWS\SYSTEM32\CRYPTBASE.dll
0x00007ffe039d0000 - 0x00007ffe039e6000 	C:\WINDOWS\SYSTEM32\dhcpcsvc6.DLL
0x00007ffe058e0000 - 0x00007ffe058fa000 	C:\WINDOWS\SYSTEM32\dhcpcsvc.DLL

VM Arguments:
jvm_args: -Dcom.sun.management.jmxremote -Dcom.sun.management.jmxremote.port=50017 -Dcom.sun.management.jmxremote.authenticate=false -Dcom.sun.management.jmxremote.ssl=false -Djava.rmi.server.hostname=localhost -Dspring.liveBeansView.mbeanDomain -Dspring.application.admin.enabled=true -Xverify:none -XX:TieredStopAtLevel=1 -Dfile.encoding=UTF-8 
java_command: com.jackson.cursomc.CursomcApplication --spring.output.ansi.enabled=always
java_class_path (initial): C:\Program Files\Java\jre1.8.0_161\lib\resources.jar;C:\Program Files\Java\jre1.8.0_161\lib\rt.jar;C:\Program Files\Java\jre1.8.0_161\lib\jsse.jar;C:\Program Files\Java\jre1.8.0_161\lib\jce.jar;C:\Program Files\Java\jre1.8.0_161\lib\charsets.jar;C:\Program Files\Java\jre1.8.0_161\lib\jfr.jar;C:\Program Files\Java\jre1.8.0_161\lib\ext\access-bridge-64.jar;C:\Program Files\Java\jre1.8.0_161\lib\ext\cldrdata.jar;C:\Program Files\Java\jre1.8.0_161\lib\ext\dnsns.jar;C:\Program Files\Java\jre1.8.0_161\lib\ext\jaccess.jar;C:\Program Files\Java\jre1.8.0_161\lib\ext\jfxrt.jar;C:\Program Files\Java\jre1.8.0_161\lib\ext\localedata.jar;C:\Program Files\Java\jre1.8.0_161\lib\ext\nashorn.jar;C:\Program Files\Java\jre1.8.0_161\lib\ext\sunec.jar;C:\Program Files\Java\jre1.8.0_161\lib\ext\sunjce_provider.jar;C:\Program Files\Java\jre1.8.0_161\lib\ext\sunmscapi.jar;C:\Program Files\Java\jre1.8.0_161\lib\ext\sunpkcs11.jar;C:\Program Files\Java\jre1.8.0_161\lib\ext\zipfs.jar;C:\Users\jackson danielson\Documents\workspace\cursomc\target\classes;C:\Users\jackson danielson\.m2\repository\org\springframework\boot\spring-boot-starter-web\2.0.0.RELEASE\spring-boot-starter-web-2.0.0.RELEASE.jar;C:\Users\jackson danielson\.m2\repository\org\springframework\boot\spring-boot-starter\2.0.0.RELEASE\spring-boot-starter-2.0.0.RELEASE.jar;C:\Users\jackson danielson\.m2\repository\org\springframework\boot\spring-boot-starter-logging\2.0.0.RELEASE\spring-boot-starter-logging-2.0.0.RELEASE.jar;C:\Users\jackson danielson\.m2\repository\ch\qos\logback\logback-classic\1.2.3\logback-classic-1.2.3.jar;C:\Users\jackson danielson\.m2\repository\ch\qos\logback\logback-core\1.2.3\logback-core-1.2.3.jar;C:\Users\jackson danielson\.m2\repository\org\apache\logging\log4j\log4j-to-slf4j\2.10.0\log4j-to-slf4j-2.10.0.jar;C:\Users\jackson danielson\.m2\repository\org\apache\logging\log4j\log4j-api\2.10.0\log4j-api-2.10.0.jar;C:\Users\jackson danielson\.m2\repository\org\slf4j\jul-to-slf4j\1
Launcher Type: SUN_STANDARD

Environment Variables:
PATH=C:/Program Files/Java/jre1.8.0_161/bin/server;C:/Program Files/Java/jre1.8.0_161/bin;C:/Program Files/Java/jre1.8.0_161/lib/amd64;C:\ProgramData\Oracle\Java\javapath;C:\Program Files (x86)\Intel\iCLS Client\;C:\Program Files\Intel\iCLS Client\;C:\WINDOWS\system32;C:\WINDOWS;C:\WINDOWS\System32\Wbem;C:\WINDOWS\System32\WindowsPowerShell\v1.0\;C:\Program Files (x86)\Intel\Intel(R) Management Engine Components\DAL;C:\Program Files\Intel\Intel(R) Management Engine Components\DAL;C:\Program Files (x86)\Intel\Intel(R) Management Engine Components\IPT;C:\Program Files\Intel\Intel(R) Management Engine Components\IPT;C:\xampp\mysql\bin;C:\WINDOWS\System32\OpenSSH\;C:\Program Files (x86)\Microsoft VS Code\bin;C:\Program Files\nodejs\;C:\Users\jackson danielson\AppData\Local\Microsoft\WindowsApps;;C:\Program Files (x86)\Microsoft VS Code\bin;C:\Program Files\Heroku\bin;C:\Users\jackson danielson\AppData\Local\Programs\Microsoft VS Code\bin;C:\Users\jackson danielson\AppData\Roaming\npm;A:\curso sprig ionic3\sts-bundle\sts-3.9.2.RELEASE;
USERNAME=jackson danielson
OS=Windows_NT
PROCESSOR_IDENTIFIER=Intel64 Family 6 Model 61 Stepping 4, GenuineIntel



---------------  S Y S T E M  ---------------

OS: Windows 10.0 , 64 bit Build 17134 (10.0.17134.1)

CPU:total 4 (initial active 4) (2 cores per cpu, 2 threads per core) family 6 model 61 stepping 4, cmov, cx8, fxsr, mmx, sse, sse2, sse3, ssse3, sse4.1, sse4.2, popcnt, avx, avx2, aes, clmul, erms, 3dnowpref, lzcnt, ht, tsc, tscinvbit, bmi1, bmi2, adx

Memory: 4k page, physical 4102528k(343096k free), swap 4102528k(3480k free)

vm_info: Java HotSpot(TM) 64-Bit Server VM (25.161-b12) for windows-amd64 JRE (1.8.0_161-b12), built on Dec 19 2017 17:52:25 by "java_re" with MS VC++ 10.0 (VS2010)

time: Tue Sep 11 15:11:12 2018
elapsed time: 6 seconds (0d 0h 0m 6s)

